[seantheme.com/color-admin/admin/html/index_v3.html]
[backblue.gif]
[fade.gif]
[index.html]
[seantheme.com/color-admin/admin/html/index.html]
[seantheme.com/color-admin/admin/html/index_v2.html]
[seantheme.com/color-admin/admin/html/email_inbox.html]
[seantheme.com/color-admin/admin/html/email_compose.html]
[seantheme.com/color-admin/admin/html/email_detail.html]
[seantheme.com/color-admin/admin/html/widget.html]
[seantheme.com/color-admin/admin/html/ui_general.html]
[seantheme.com/color-admin/admin/html/ui_typography.html]
[seantheme.com/color-admin/admin/html/ui_tabs_accordions.html]
[seantheme.com/color-admin/admin/html/ui_unlimited_tabs.html]
[seantheme.com/color-admin/admin/html/ui_modal_notification.html]
[seantheme.com/color-admin/admin/html/ui_widget_boxes.html]
[seantheme.com/color-admin/admin/html/ui_media_object.html]
[seantheme.com/color-admin/admin/html/ui_buttons.html]
[seantheme.com/color-admin/admin/html/ui_icons.html]
[seantheme.com/color-admin/admin/html/ui_simple_line_icons.html]
[seantheme.com/color-admin/admin/html/ui_ionicons.html]
[seantheme.com/color-admin/admin/html/ui_tree.html]
[seantheme.com/color-admin/admin/html/ui_language_bar_icon.html]
[seantheme.com/color-admin/admin/html/ui_social_buttons.html]
[seantheme.com/color-admin/admin/html/ui_tour.html]
[seantheme.com/color-admin/admin/html/bootstrap_4.html]
[seantheme.com/color-admin/admin/html/form_elements.html]
[seantheme.com/color-admin/admin/html/form_plugins.html]
[seantheme.com/color-admin/admin/html/form_slider_switcher.html]
[seantheme.com/color-admin/admin/html/form_validation.html]
[seantheme.com/color-admin/admin/html/form_wizards.html]
[seantheme.com/color-admin/admin/html/form_wizards_validation.html]
[seantheme.com/color-admin/admin/html/form_wysiwyg.html]
[seantheme.com/color-admin/admin/html/form_editable.html]
[seantheme.com/color-admin/admin/html/form_multiple_upload.html]
[seantheme.com/color-admin/admin/html/form_summernote.html]
[seantheme.com/color-admin/admin/html/form_dropzone.html]
[seantheme.com/color-admin/admin/html/table_basic.html]
[seantheme.com/color-admin/admin/html/table_manage.html]
[seantheme.com/color-admin/admin/html/table_manage_autofill.html]
[seantheme.com/color-admin/admin/html/table_manage_buttons.html]
[seantheme.com/color-admin/admin/html/table_manage_colreorder.html]
[seantheme.com/color-admin/admin/html/table_manage_fixed_columns.html]
[seantheme.com/color-admin/admin/html/table_manage_fixed_header.html]
[seantheme.com/color-admin/admin/html/table_manage_keytable.html]
[seantheme.com/color-admin/admin/html/table_manage_responsive.html]
[seantheme.com/color-admin/admin/html/table_manage_rowreorder.html]
[seantheme.com/color-admin/admin/html/table_manage_scroller.html]
[seantheme.com/color-admin/admin/html/table_manage_select.html]
[seantheme.com/color-admin/admin/html/table_manage_combine.html]
[seantheme.com/color-admin/admin/html/email_system.html]
[seantheme.com/color-admin/admin/html/email_newsletter.html]
[seantheme.com/color-admin/admin/html/chart-flot.html]
[seantheme.com/color-admin/admin/html/chart-morris.html]
[seantheme.com/color-admin/admin/html/chart-js.html]
[seantheme.com/color-admin/admin/html/chart-d3.html]
[seantheme.com/color-admin/admin/html/chart-apex.html]
[seantheme.com/color-admin/admin/html/calendar.html]
[seantheme.com/color-admin/admin/html/map_vector.html]
[seantheme.com/color-admin/admin/html/map_google.html]
[seantheme.com/color-admin/admin/html/gallery.html]
[seantheme.com/color-admin/admin/html/gallery_v2.html]
[seantheme.com/color-admin/admin/html/page_blank.html]
[seantheme.com/color-admin/admin/html/page_with_footer.html]
[seantheme.com/color-admin/admin/html/page_without_sidebar.html]
[seantheme.com/color-admin/admin/html/page_with_right_sidebar.html]
[seantheme.com/color-admin/admin/html/page_with_minified_sidebar.html]
[seantheme.com/color-admin/admin/html/page_with_two_sidebar.html]
[seantheme.com/color-admin/admin/html/page_with_line_icons.html]
[seantheme.com/color-admin/admin/html/page_with_ionicons.html]
[seantheme.com/color-admin/admin/html/page_full_height.html]
[seantheme.com/color-admin/admin/html/page_with_wide_sidebar.html]
[seantheme.com/color-admin/admin/html/page_with_light_sidebar.html]
[seantheme.com/color-admin/admin/html/page_with_mega_menu.html]
[seantheme.com/color-admin/admin/html/page_with_top_menu.html]
[seantheme.com/color-admin/admin/html/page_with_boxed_layout.html]
[seantheme.com/color-admin/admin/html/page_with_mixed_menu.html]
[seantheme.com/color-admin/admin/html/page_boxed_layout_with_mixed_menu.html]
[seantheme.com/color-admin/admin/html/page_with_transparent_sidebar.html]
[seantheme.com/color-admin/admin/html/page_with_search_sidebar.html]
[seantheme.com/color-admin/admin/html/extra_timeline.html]
[seantheme.com/color-admin/admin/html/extra_coming_soon.html]
[seantheme.com/color-admin/admin/html/extra_search_results.html]
[seantheme.com/color-admin/admin/html/extra_invoice.html]
[seantheme.com/color-admin/admin/html/extra_404_error.html]
[seantheme.com/color-admin/admin/html/extra_profile.html]
[seantheme.com/color-admin/admin/html/extra_scrum_board.html]
[seantheme.com/color-admin/admin/html/extra_cookie_acceptance_banner.html]
[seantheme.com/color-admin/admin/html/login.html]
[seantheme.com/color-admin/admin/html/login_v2.html]
[seantheme.com/color-admin/admin/html/login_v3.html]
[seantheme.com/color-admin/admin/html/register_v3.html]
[seantheme.com/color-admin/admin/html/helper_css.html]
[seantheme.com/color-admin/admin/html/index_v3.html]
[seantheme.com/color-admin/admin/html/index.html]
[seantheme.com/color-admin/admin/html/index_v2.html]
[seantheme.com/color-admin/admin/html/email_inbox.html]
[seantheme.com/color-admin/admin/html/email_compose.html]
[seantheme.com/color-admin/admin/html/email_detail.html]
[seantheme.com/color-admin/admin/html/widget.html]
[seantheme.com/color-admin/admin/html/ui_general.html]
[seantheme.com/color-admin/admin/html/ui_typography.html]
[seantheme.com/color-admin/admin/html/ui_tabs_accordions.html]
[seantheme.com/color-admin/admin/html/ui_unlimited_tabs.html]
[seantheme.com/color-admin/admin/html/ui_modal_notification.html]
[seantheme.com/color-admin/admin/html/ui_widget_boxes.html]
[seantheme.com/color-admin/admin/html/ui_media_object.html]
[seantheme.com/color-admin/admin/html/ui_buttons.html]
[seantheme.com/color-admin/admin/html/ui_icons.html]
[seantheme.com/color-admin/admin/html/ui_simple_line_icons.html]
[seantheme.com/color-admin/admin/html/ui_ionicons.html]
[seantheme.com/color-admin/admin/html/ui_tree.html]
[seantheme.com/color-admin/admin/html/ui_language_bar_icon.html]
[seantheme.com/color-admin/admin/html/ui_social_buttons.html]
[seantheme.com/color-admin/admin/html/ui_tour.html]
[seantheme.com/color-admin/admin/html/bootstrap_4.html]
[seantheme.com/color-admin/admin/html/form_elements.html]
[seantheme.com/color-admin/admin/html/form_plugins.html]
[seantheme.com/color-admin/admin/html/form_slider_switcher.html]
[seantheme.com/color-admin/admin/html/form_validation.html]
[seantheme.com/color-admin/admin/html/form_wizards.html]
[seantheme.com/color-admin/admin/html/form_wizards_validation.html]
[seantheme.com/color-admin/admin/html/form_wysiwyg.html]
[seantheme.com/color-admin/admin/html/form_editable.html]
[seantheme.com/color-admin/admin/html/form_multiple_upload.html]
[seantheme.com/color-admin/admin/html/form_summernote.html]
[seantheme.com/color-admin/admin/html/form_dropzone.html]
[seantheme.com/color-admin/admin/html/table_basic.html]
[seantheme.com/color-admin/admin/html/table_manage.html]
[seantheme.com/color-admin/admin/html/table_manage_autofill.html]
[seantheme.com/color-admin/admin/html/table_manage_buttons.html]
[seantheme.com/color-admin/admin/html/table_manage_colreorder.html]
[seantheme.com/color-admin/admin/html/table_manage_fixed_columns.html]
[seantheme.com/color-admin/admin/html/table_manage_fixed_header.html]
[seantheme.com/color-admin/admin/html/table_manage_keytable.html]
[seantheme.com/color-admin/admin/html/table_manage_responsive.html]
[seantheme.com/color-admin/admin/html/table_manage_rowreorder.html]
[seantheme.com/color-admin/admin/html/table_manage_scroller.html]
[seantheme.com/color-admin/admin/html/table_manage_select.html]
[seantheme.com/color-admin/admin/html/table_manage_combine.html]
[seantheme.com/color-admin/admin/html/email_system.html]
[seantheme.com/color-admin/admin/html/email_newsletter.html]
[seantheme.com/color-admin/admin/html/chart-flot.html]
[seantheme.com/color-admin/admin/html/chart-morris.html]
[seantheme.com/color-admin/admin/html/chart-js.html]
[seantheme.com/color-admin/admin/html/chart-d3.html]
[seantheme.com/color-admin/admin/html/chart-apex.html]
[seantheme.com/color-admin/admin/html/calendar.html]
[seantheme.com/color-admin/admin/html/map_vector.html]
[seantheme.com/color-admin/admin/html/map_google.html]
[seantheme.com/color-admin/admin/html/gallery.html]
[seantheme.com/color-admin/admin/html/gallery_v2.html]
[seantheme.com/color-admin/admin/html/page_blank.html]
[seantheme.com/color-admin/admin/html/page_with_footer.html]
[seantheme.com/color-admin/admin/html/page_without_sidebar.html]
[seantheme.com/color-admin/admin/html/page_with_right_sidebar.html]
[seantheme.com/color-admin/admin/html/page_with_minified_sidebar.html]
[seantheme.com/color-admin/admin/html/page_with_two_sidebar.html]
[seantheme.com/color-admin/admin/html/page_with_line_icons.html]
[seantheme.com/color-admin/admin/html/page_with_ionicons.html]
[seantheme.com/color-admin/admin/html/page_full_height.html]
[seantheme.com/color-admin/admin/html/page_with_wide_sidebar.html]
[seantheme.com/color-admin/admin/html/page_with_light_sidebar.html]
[seantheme.com/color-admin/admin/html/page_with_mega_menu.html]
[seantheme.com/color-admin/admin/html/page_with_top_menu.html]
[seantheme.com/color-admin/admin/html/page_with_boxed_layout.html]
[seantheme.com/color-admin/admin/html/page_with_mixed_menu.html]
[seantheme.com/color-admin/admin/html/page_boxed_layout_with_mixed_menu.html]
[seantheme.com/color-admin/admin/html/page_with_transparent_sidebar.html]
[seantheme.com/color-admin/admin/html/page_with_search_sidebar.html]
[seantheme.com/color-admin/admin/html/extra_timeline.html]
[seantheme.com/color-admin/admin/html/extra_coming_soon.html]
[seantheme.com/color-admin/admin/html/extra_search_results.html]
[seantheme.com/color-admin/admin/html/extra_invoice.html]
[seantheme.com/color-admin/admin/html/extra_404_error.html]
[seantheme.com/color-admin/admin/html/extra_profile.html]
[seantheme.com/color-admin/admin/html/extra_scrum_board.html]
[seantheme.com/color-admin/admin/html/extra_cookie_acceptance_banner.html]
[seantheme.com/color-admin/admin/html/login.html]
[seantheme.com/color-admin/admin/html/login_v2.html]
[seantheme.com/color-admin/admin/html/login_v3.html]
[seantheme.com/color-admin/admin/html/register_v3.html]
[seantheme.com/color-admin/admin/html/helper_css.html]
